{"/Users/itaysarfaty/Documents/Personal/Development/compare-sorts/src/classes/collections/BaseCollection.ts": {"path":"/Users/itaysarfaty/Documents/Personal/Development/compare-sorts/src/classes/collections/BaseCollection.ts","statementMap":{"0":{"start":{"line":7,"column":4},"end":{"line":7,"column":27}},"1":{"start":{"line":11,"column":4},"end":{"line":11,"column":34}},"2":{"start":{"line":15,"column":4},"end":{"line":15,"column":19}},"3":{"start":{"line":16,"column":4},"end":{"line":16,"column":19}},"4":{"start":{"line":17,"column":4},"end":{"line":17,"column":41}},"5":{"start":{"line":24,"column":4},"end":{"line":26,"column":null}},"6":{"start":{"line":25,"column":6},"end":{"line":25,"column":74}},"7":{"start":{"line":27,"column":4},"end":{"line":27,"column":42}},"8":{"start":{"line":1,"column":0},"end":{"line":1,"column":22}}},"fnMap":{"0":{"name":"(anonymous_0)","decl":{"start":{"line":6,"column":2},"end":{"line":6,"column":6}},"loc":{"start":{"line":6,"column":11},"end":{"line":8,"column":3}}},"1":{"name":"(anonymous_1)","decl":{"start":{"line":10,"column":2},"end":{"line":10,"column":6}},"loc":{"start":{"line":10,"column":10},"end":{"line":12,"column":3}}},"2":{"name":"(anonymous_2)","decl":{"start":{"line":14,"column":2},"end":{"line":14,"column":14}},"loc":{"start":{"line":14,"column":38},"end":{"line":18,"column":3}}},"3":{"name":"(anonymous_3)","decl":{"start":{"line":23,"column":9},"end":{"line":23,"column":12}},"loc":{"start":{"line":23,"column":25},"end":{"line":28,"column":3}}}},"branchMap":{"0":{"loc":{"start":{"line":24,"column":4},"end":{"line":26,"column":null}},"type":"if","locations":[{"start":{"line":24,"column":4},"end":{"line":26,"column":null}}]},"1":{"loc":{"start":{"line":24,"column":8},"end":{"line":24,"column":42}},"type":"binary-expr","locations":[{"start":{"line":24,"column":8},"end":{"line":24,"column":23}},{"start":{"line":24,"column":27},"end":{"line":24,"column":42}}]}},"s":{"0":5,"1":0,"2":2,"3":2,"4":2,"5":6,"6":2,"7":4,"8":2},"f":{"0":5,"1":0,"2":2,"3":6},"b":{"0":[2],"1":[6,4]}}
,"/Users/itaysarfaty/Documents/Personal/Development/compare-sorts/src/classes/sorts/BaseSort.ts": {"path":"/Users/itaysarfaty/Documents/Personal/Development/compare-sorts/src/classes/sorts/BaseSort.ts","statementMap":{"0":{"start":{"line":7,"column":4},"end":{"line":7,"column":22}},"1":{"start":{"line":17,"column":4},"end":{"line":17,"column":22}},"2":{"start":{"line":18,"column":4},"end":{"line":18,"column":35}},"3":{"start":{"line":29,"column":4},"end":{"line":29,"column":32}},"4":{"start":{"line":30,"column":20},"end":{"line":30,"column":21}},"5":{"start":{"line":32,"column":4},"end":{"line":40,"column":null}},"6":{"start":{"line":32,"column":17},"end":{"line":32,"column":18}},"7":{"start":{"line":34,"column":20},"end":{"line":34,"column":37}},"8":{"start":{"line":35,"column":6},"end":{"line":35,"column":32}},"9":{"start":{"line":36,"column":18},"end":{"line":36,"column":35}},"10":{"start":{"line":39,"column":6},"end":{"line":39,"column":31}},"11":{"start":{"line":43,"column":24},"end":{"line":43,"column":42}},"12":{"start":{"line":46,"column":26},"end":{"line":46,"column":60}},"13":{"start":{"line":48,"column":4},"end":{"line":48,"column":53}},"14":{"start":{"line":52,"column":4},"end":{"line":56,"column":null}},"15":{"start":{"line":53,"column":6},"end":{"line":55,"column":8}},"16":{"start":{"line":5,"column":0},"end":{"line":5,"column":22}}},"fnMap":{"0":{"name":"(anonymous_0)","decl":{"start":{"line":6,"column":2},"end":{"line":6,"column":6}},"loc":{"start":{"line":6,"column":10},"end":{"line":8,"column":3}}},"1":{"name":"(anonymous_1)","decl":{"start":{"line":13,"column":2},"end":{"line":13,"column":null}},"loc":{"start":{"line":15,"column":55},"end":{"line":19,"column":3}}},"2":{"name":"(anonymous_2)","decl":{"start":{"line":24,"column":9},"end":{"line":24,"column":18}},"loc":{"start":{"line":27,"column":18},"end":{"line":49,"column":3}}},"3":{"name":"(anonymous_3)","decl":{"start":{"line":51,"column":10},"end":{"line":51,"column":24}},"loc":{"start":{"line":51,"column":37},"end":{"line":57,"column":3}}}},"branchMap":{"0":{"loc":{"start":{"line":15,"column":4},"end":{"line":15,"column":55}},"type":"default-arg","locations":[{"start":{"line":15,"column":31},"end":{"line":15,"column":55}}]},"1":{"loc":{"start":{"line":52,"column":4},"end":{"line":56,"column":null}},"type":"if","locations":[{"start":{"line":52,"column":4},"end":{"line":56,"column":null}}]},"2":{"loc":{"start":{"line":52,"column":8},"end":{"line":52,"column":66}},"type":"binary-expr","locations":[{"start":{"line":52,"column":8},"end":{"line":52,"column":35}},{"start":{"line":52,"column":39},"end":{"line":52,"column":66}}]}},"s":{"0":25,"1":6,"2":6,"3":3,"4":1,"5":1,"6":1,"7":3,"8":3,"9":3,"10":3,"11":1,"12":1,"13":1,"14":3,"15":2,"16":2},"f":{"0":25,"1":6,"2":3,"3":3},"b":{"0":[5],"1":[2],"2":[3,2]}}
,"/Users/itaysarfaty/Documents/Personal/Development/compare-sorts/src/classes/sorts/Bubble.ts": {"path":"/Users/itaysarfaty/Documents/Personal/Development/compare-sorts/src/classes/sorts/Bubble.ts","statementMap":{"0":{"start":{"line":2,"column":0},"end":{"line":2,"column":40}},"1":{"start":{"line":3,"column":0},"end":{"line":3,"column":34}},"2":{"start":{"line":15,"column":4},"end":{"line":15,"column":25}},"3":{"start":{"line":20,"column":21},"end":{"line":20,"column":37}},"4":{"start":{"line":23,"column":4},"end":{"line":31,"column":null}},"5":{"start":{"line":23,"column":24},"end":{"line":23,"column":25}},"6":{"start":{"line":25,"column":6},"end":{"line":30,"column":null}},"7":{"start":{"line":25,"column":19},"end":{"line":25,"column":20}},"8":{"start":{"line":27,"column":8},"end":{"line":29,"column":null}},"9":{"start":{"line":28,"column":10},"end":{"line":28,"column":32}},"10":{"start":{"line":32,"column":4},"end":{"line":32,"column":17}},"11":{"start":{"line":13,"column":0},"end":{"line":13,"column":13}}},"fnMap":{"0":{"name":"(anonymous_0)","decl":{"start":{"line":14,"column":2},"end":{"line":14,"column":null}},"loc":{"start":{"line":14,"column":2},"end":{"line":16,"column":3}}},"1":{"name":"(anonymous_1)","decl":{"start":{"line":18,"column":9},"end":{"line":18,"column":13}},"loc":{"start":{"line":18,"column":48},"end":{"line":33,"column":3}}}},"branchMap":{"0":{"loc":{"start":{"line":27,"column":8},"end":{"line":29,"column":null}},"type":"if","locations":[{"start":{"line":27,"column":8},"end":{"line":29,"column":null}}]}},"s":{"0":1,"1":1,"2":1,"3":5,"4":5,"5":5,"6":21,"7":21,"8":67,"9":33,"10":5,"11":1},"f":{"0":1,"1":5},"b":{"0":[33]}}
,"/Users/itaysarfaty/Documents/Personal/Development/compare-sorts/src/classes/sorts/Insertion.ts": {"path":"/Users/itaysarfaty/Documents/Personal/Development/compare-sorts/src/classes/sorts/Insertion.ts","statementMap":{"0":{"start":{"line":2,"column":0},"end":{"line":2,"column":40}},"1":{"start":{"line":3,"column":0},"end":{"line":3,"column":34}},"2":{"start":{"line":15,"column":4},"end":{"line":15,"column":28}},"3":{"start":{"line":19,"column":16},"end":{"line":19,"column":28}},"4":{"start":{"line":22,"column":4},"end":{"line":30,"column":null}},"5":{"start":{"line":22,"column":20},"end":{"line":22,"column":21}},"6":{"start":{"line":24,"column":17},"end":{"line":24,"column":21}},"7":{"start":{"line":27,"column":6},"end":{"line":29,"column":null}},"8":{"start":{"line":28,"column":8},"end":{"line":28,"column":34}},"9":{"start":{"line":31,"column":4},"end":{"line":31,"column":17}},"10":{"start":{"line":13,"column":0},"end":{"line":13,"column":13}}},"fnMap":{"0":{"name":"(anonymous_0)","decl":{"start":{"line":14,"column":2},"end":{"line":14,"column":null}},"loc":{"start":{"line":14,"column":2},"end":{"line":16,"column":3}}},"1":{"name":"(anonymous_1)","decl":{"start":{"line":18,"column":9},"end":{"line":18,"column":13}},"loc":{"start":{"line":18,"column":48},"end":{"line":32,"column":3}}}},"branchMap":{"0":{"loc":{"start":{"line":27,"column":13},"end":{"line":27,"column":66}},"type":"binary-expr","locations":[{"start":{"line":27,"column":13},"end":{"line":27,"column":21}},{"start":{"line":27,"column":25},"end":{"line":27,"column":66}}]}},"s":{"0":1,"1":1,"2":1,"3":5,"4":5,"5":5,"6":25,"7":25,"8":0,"9":5,"10":1},"f":{"0":1,"1":5},"b":{"0":[25,21]}}
,"/Users/itaysarfaty/Documents/Personal/Development/compare-sorts/src/classes/sorts/Merge.ts": {"path":"/Users/itaysarfaty/Documents/Personal/Development/compare-sorts/src/classes/sorts/Merge.ts","statementMap":{"0":{"start":{"line":3,"column":0},"end":{"line":3,"column":34}},"1":{"start":{"line":14,"column":4},"end":{"line":14,"column":24}},"2":{"start":{"line":19,"column":4},"end":{"line":21,"column":null}},"3":{"start":{"line":20,"column":6},"end":{"line":20,"column":19}},"4":{"start":{"line":24,"column":19},"end":{"line":24,"column":47}},"5":{"start":{"line":27,"column":20},"end":{"line":27,"column":42}},"6":{"start":{"line":28,"column":21},"end":{"line":28,"column":40}},"7":{"start":{"line":31,"column":20},"end":{"line":31,"column":47}},"8":{"start":{"line":32,"column":21},"end":{"line":32,"column":49}},"9":{"start":{"line":35,"column":4},"end":{"line":35,"column":50}},"10":{"start":{"line":40,"column":29},"end":{"line":40,"column":31}},"11":{"start":{"line":43,"column":4},"end":{"line":50,"column":null}},"12":{"start":{"line":45,"column":6},"end":{"line":49,"column":null}},"13":{"start":{"line":46,"column":8},"end":{"line":46,"column":40}},"14":{"start":{"line":48,"column":8},"end":{"line":48,"column":41}},"15":{"start":{"line":52,"column":4},"end":{"line":52,"column":47}},"16":{"start":{"line":12,"column":0},"end":{"line":12,"column":13}}},"fnMap":{"0":{"name":"(anonymous_0)","decl":{"start":{"line":13,"column":2},"end":{"line":13,"column":null}},"loc":{"start":{"line":13,"column":2},"end":{"line":15,"column":3}}},"1":{"name":"(anonymous_1)","decl":{"start":{"line":17,"column":9},"end":{"line":17,"column":13}},"loc":{"start":{"line":17,"column":48},"end":{"line":36,"column":3}}},"2":{"name":"(anonymous_2)","decl":{"start":{"line":39,"column":10},"end":{"line":39,"column":15}},"loc":{"start":{"line":39,"column":61},"end":{"line":53,"column":3}}}},"branchMap":{"0":{"loc":{"start":{"line":19,"column":4},"end":{"line":21,"column":null}},"type":"if","locations":[{"start":{"line":19,"column":4},"end":{"line":21,"column":null}}]},"1":{"loc":{"start":{"line":43,"column":11},"end":{"line":43,"column":38}},"type":"binary-expr","locations":[{"start":{"line":43,"column":11},"end":{"line":43,"column":22}},{"start":{"line":43,"column":26},"end":{"line":43,"column":38}}]},"2":{"loc":{"start":{"line":45,"column":6},"end":{"line":49,"column":null}},"type":"if","locations":[{"start":{"line":45,"column":6},"end":{"line":49,"column":null}},{"start":{"line":47,"column":13},"end":{"line":49,"column":null}}]}},"s":{"0":1,"1":1,"2":47,"3":26,"4":21,"5":21,"6":21,"7":21,"8":21,"9":21,"10":21,"11":21,"12":31,"13":29,"14":2,"15":21,"16":1},"f":{"0":1,"1":47,"2":21},"b":{"0":[26],"1":[52,32],"2":[29,2]}}
,"/Users/itaysarfaty/Documents/Personal/Development/compare-sorts/src/classes/sorts/Quick.ts": {"path":"/Users/itaysarfaty/Documents/Personal/Development/compare-sorts/src/classes/sorts/Quick.ts","statementMap":{"0":{"start":{"line":2,"column":0},"end":{"line":2,"column":40}},"1":{"start":{"line":3,"column":0},"end":{"line":3,"column":34}},"2":{"start":{"line":16,"column":4},"end":{"line":16,"column":24}},"3":{"start":{"line":20,"column":4},"end":{"line":20,"column":58}},"4":{"start":{"line":21,"column":4},"end":{"line":21,"column":17}},"5":{"start":{"line":31,"column":4},"end":{"line":33,"column":null}},"6":{"start":{"line":32,"column":6},"end":{"line":32,"column":19}},"7":{"start":{"line":36,"column":16},"end":{"line":36,"column":61}},"8":{"start":{"line":39,"column":4},"end":{"line":41,"column":null}},"9":{"start":{"line":40,"column":6},"end":{"line":40,"column":56}},"10":{"start":{"line":44,"column":4},"end":{"line":46,"column":null}},"11":{"start":{"line":45,"column":6},"end":{"line":45,"column":53}},"12":{"start":{"line":56,"column":33},"end":{"line":56,"column":52}},"13":{"start":{"line":59,"column":23},"end":{"line":59,"column":66}},"14":{"start":{"line":62,"column":4},"end":{"line":81,"column":null}},"15":{"start":{"line":65,"column":6},"end":{"line":67,"column":null}},"16":{"start":{"line":66,"column":8},"end":{"line":66,"column":19}},"17":{"start":{"line":71,"column":6},"end":{"line":73,"column":null}},"18":{"start":{"line":72,"column":8},"end":{"line":72,"column":19}},"19":{"start":{"line":75,"column":6},"end":{"line":80,"column":null}},"20":{"start":{"line":77,"column":8},"end":{"line":77,"column":40}},"21":{"start":{"line":78,"column":8},"end":{"line":78,"column":19}},"22":{"start":{"line":79,"column":8},"end":{"line":79,"column":19}},"23":{"start":{"line":82,"column":4},"end":{"line":82,"column":20}},"24":{"start":{"line":14,"column":0},"end":{"line":14,"column":13}}},"fnMap":{"0":{"name":"(anonymous_0)","decl":{"start":{"line":15,"column":2},"end":{"line":15,"column":null}},"loc":{"start":{"line":15,"column":2},"end":{"line":17,"column":3}}},"1":{"name":"(anonymous_1)","decl":{"start":{"line":19,"column":9},"end":{"line":19,"column":13}},"loc":{"start":{"line":19,"column":50},"end":{"line":22,"column":3}}},"2":{"name":"(anonymous_2)","decl":{"start":{"line":24,"column":10},"end":{"line":24,"column":19}},"loc":{"start":{"line":28,"column":17},"end":{"line":47,"column":3}}},"3":{"name":"(anonymous_3)","decl":{"start":{"line":49,"column":10},"end":{"line":49,"column":19}},"loc":{"start":{"line":53,"column":20},"end":{"line":83,"column":3}}}},"branchMap":{"0":{"loc":{"start":{"line":31,"column":4},"end":{"line":33,"column":null}},"type":"if","locations":[{"start":{"line":31,"column":4},"end":{"line":33,"column":null}}]},"1":{"loc":{"start":{"line":39,"column":4},"end":{"line":41,"column":null}},"type":"if","locations":[{"start":{"line":39,"column":4},"end":{"line":41,"column":null}}]},"2":{"loc":{"start":{"line":44,"column":4},"end":{"line":46,"column":null}},"type":"if","locations":[{"start":{"line":44,"column":4},"end":{"line":46,"column":null}}]},"3":{"loc":{"start":{"line":75,"column":6},"end":{"line":80,"column":null}},"type":"if","locations":[{"start":{"line":75,"column":6},"end":{"line":80,"column":null}}]}},"s":{"0":1,"1":1,"2":1,"3":5,"4":5,"5":22,"6":1,"7":21,"8":21,"9":10,"10":21,"11":7,"12":21,"13":21,"14":21,"15":21,"16":15,"17":21,"18":30,"19":21,"20":21,"21":21,"22":21,"23":21,"24":1},"f":{"0":1,"1":5,"2":22,"3":21},"b":{"0":[1],"1":[10],"2":[7],"3":[21]}}
,"/Users/itaysarfaty/Documents/Personal/Development/compare-sorts/src/classes/sorts/Selection.ts": {"path":"/Users/itaysarfaty/Documents/Personal/Development/compare-sorts/src/classes/sorts/Selection.ts","statementMap":{"0":{"start":{"line":2,"column":0},"end":{"line":2,"column":40}},"1":{"start":{"line":3,"column":0},"end":{"line":3,"column":34}},"2":{"start":{"line":14,"column":4},"end":{"line":14,"column":28}},"3":{"start":{"line":19,"column":16},"end":{"line":19,"column":28}},"4":{"start":{"line":22,"column":4},"end":{"line":35,"column":null}},"5":{"start":{"line":22,"column":20},"end":{"line":22,"column":21}},"6":{"start":{"line":24,"column":23},"end":{"line":24,"column":27}},"7":{"start":{"line":27,"column":6},"end":{"line":32,"column":null}},"8":{"start":{"line":27,"column":19},"end":{"line":27,"column":23}},"9":{"start":{"line":29,"column":8},"end":{"line":31,"column":null}},"10":{"start":{"line":30,"column":10},"end":{"line":30,"column":25}},"11":{"start":{"line":34,"column":6},"end":{"line":34,"column":36}},"12":{"start":{"line":36,"column":4},"end":{"line":36,"column":17}},"13":{"start":{"line":12,"column":0},"end":{"line":12,"column":13}}},"fnMap":{"0":{"name":"(anonymous_0)","decl":{"start":{"line":13,"column":2},"end":{"line":13,"column":null}},"loc":{"start":{"line":13,"column":2},"end":{"line":15,"column":3}}},"1":{"name":"(anonymous_1)","decl":{"start":{"line":17,"column":9},"end":{"line":17,"column":13}},"loc":{"start":{"line":17,"column":48},"end":{"line":37,"column":3}}}},"branchMap":{"0":{"loc":{"start":{"line":29,"column":8},"end":{"line":31,"column":null}},"type":"if","locations":[{"start":{"line":29,"column":8},"end":{"line":31,"column":null}}]}},"s":{"0":1,"1":1,"2":1,"3":5,"4":5,"5":5,"6":25,"7":25,"8":25,"9":92,"10":0,"11":25,"12":5,"13":1},"f":{"0":1,"1":5},"b":{"0":[0]}}
,"/Users/itaysarfaty/Documents/Personal/Development/compare-sorts/src/classes/sorts/_export.ts": {"path":"/Users/itaysarfaty/Documents/Personal/Development/compare-sorts/src/classes/sorts/_export.ts","statementMap":{"0":{"start":{"line":2,"column":0},"end":{"line":2,"column":38}},"1":{"start":{"line":3,"column":0},"end":{"line":3,"column":36}},"2":{"start":{"line":4,"column":0},"end":{"line":4,"column":36}},"3":{"start":{"line":5,"column":0},"end":{"line":5,"column":44}},"4":{"start":{"line":6,"column":0},"end":{"line":6,"column":44}},"5":{"start":{"line":8,"column":13},"end":{"line":14,"column":2}}},"fnMap":{},"branchMap":{},"s":{"0":1,"1":1,"2":1,"3":1,"4":1,"5":1},"f":{},"b":{}}
,"/Users/itaysarfaty/Documents/Personal/Development/compare-sorts/src/utils/swap.ts": {"path":"/Users/itaysarfaty/Documents/Personal/Development/compare-sorts/src/utils/swap.ts","statementMap":{"0":{"start":{"line":1,"column":20},"end":{"line":5,"column":1}},"1":{"start":{"line":2,"column":15},"end":{"line":2,"column":23}},"2":{"start":{"line":3,"column":2},"end":{"line":3,"column":22}},"3":{"start":{"line":4,"column":2},"end":{"line":4,"column":18}},"4":{"start":{"line":1,"column":13},"end":{"line":1,"column":20}}},"fnMap":{"0":{"name":"(anonymous_0)","decl":{"start":{"line":1,"column":20},"end":{"line":1,"column":24}},"loc":{"start":{"line":1,"column":60},"end":{"line":5,"column":1}}}},"branchMap":{},"s":{"0":2,"1":80,"2":80,"3":80,"4":2},"f":{"0":80},"b":{}}
}
