TN:
SF:src/classes/collections/BaseCollection.ts
FN:6,(anonymous_0)
FN:10,(anonymous_1)
FN:14,(anonymous_2)
FN:23,(anonymous_3)
FNF:4
FNH:3
FNDA:5,(anonymous_0)
FNDA:0,(anonymous_1)
FNDA:2,(anonymous_2)
FNDA:6,(anonymous_3)
DA:1,2
DA:7,5
DA:11,0
DA:15,2
DA:16,2
DA:17,2
DA:24,6
DA:25,2
DA:27,4
LF:9
LH:8
BRDA:24,0,0,2
BRDA:24,1,0,6
BRDA:24,1,1,4
BRF:3
BRH:3
end_of_record
TN:
SF:src/classes/sorts/BaseSort.ts
FN:6,(anonymous_0)
FN:13,(anonymous_1)
FN:24,(anonymous_2)
FN:51,(anonymous_3)
FNF:4
FNH:4
FNDA:25,(anonymous_0)
FNDA:6,(anonymous_1)
FNDA:3,(anonymous_2)
FNDA:3,(anonymous_3)
DA:5,2
DA:7,25
DA:17,6
DA:18,6
DA:29,3
DA:30,1
DA:32,1
DA:34,3
DA:35,3
DA:36,3
DA:39,3
DA:43,1
DA:46,1
DA:48,1
DA:52,3
DA:53,2
LF:16
LH:16
BRDA:15,0,0,5
BRDA:52,1,0,2
BRDA:52,2,0,3
BRDA:52,2,1,2
BRF:4
BRH:4
end_of_record
TN:
SF:src/classes/sorts/Bubble.ts
FN:14,(anonymous_0)
FN:18,(anonymous_1)
FNF:2
FNH:2
FNDA:1,(anonymous_0)
FNDA:5,(anonymous_1)
DA:2,1
DA:3,1
DA:13,1
DA:15,1
DA:20,5
DA:23,5
DA:25,21
DA:27,67
DA:28,33
DA:32,5
LF:10
LH:10
BRDA:27,0,0,33
BRF:1
BRH:1
end_of_record
TN:
SF:src/classes/sorts/Insertion.ts
FN:14,(anonymous_0)
FN:18,(anonymous_1)
FNF:2
FNH:2
FNDA:1,(anonymous_0)
FNDA:5,(anonymous_1)
DA:2,1
DA:3,1
DA:13,1
DA:15,1
DA:19,5
DA:22,5
DA:24,25
DA:27,25
DA:28,0
DA:31,5
LF:10
LH:9
BRDA:27,0,0,25
BRDA:27,0,1,21
BRF:2
BRH:2
end_of_record
TN:
SF:src/classes/sorts/Merge.ts
FN:13,(anonymous_0)
FN:17,(anonymous_1)
FN:39,(anonymous_2)
FNF:3
FNH:3
FNDA:1,(anonymous_0)
FNDA:47,(anonymous_1)
FNDA:21,(anonymous_2)
DA:3,1
DA:12,1
DA:14,1
DA:19,47
DA:20,26
DA:24,21
DA:27,21
DA:28,21
DA:31,21
DA:32,21
DA:35,21
DA:40,21
DA:43,21
DA:45,31
DA:46,29
DA:48,2
DA:52,21
LF:17
LH:17
BRDA:19,0,0,26
BRDA:43,1,0,52
BRDA:43,1,1,32
BRDA:45,2,0,29
BRDA:45,2,1,2
BRF:5
BRH:5
end_of_record
TN:
SF:src/classes/sorts/Quick.ts
FN:15,(anonymous_0)
FN:19,(anonymous_1)
FN:24,(anonymous_2)
FN:49,(anonymous_3)
FNF:4
FNH:4
FNDA:1,(anonymous_0)
FNDA:5,(anonymous_1)
FNDA:22,(anonymous_2)
FNDA:21,(anonymous_3)
DA:2,1
DA:3,1
DA:14,1
DA:16,1
DA:20,5
DA:21,5
DA:31,22
DA:32,1
DA:36,21
DA:39,21
DA:40,10
DA:44,21
DA:45,7
DA:56,21
DA:59,21
DA:62,21
DA:65,21
DA:66,15
DA:71,21
DA:72,30
DA:75,21
DA:77,21
DA:78,21
DA:79,21
DA:82,21
LF:25
LH:25
BRDA:31,0,0,1
BRDA:39,1,0,10
BRDA:44,2,0,7
BRDA:75,3,0,21
BRF:4
BRH:4
end_of_record
TN:
SF:src/classes/sorts/Selection.ts
FN:13,(anonymous_0)
FN:17,(anonymous_1)
FNF:2
FNH:2
FNDA:1,(anonymous_0)
FNDA:5,(anonymous_1)
DA:2,1
DA:3,1
DA:12,1
DA:14,1
DA:19,5
DA:22,5
DA:24,25
DA:27,25
DA:29,92
DA:30,0
DA:34,25
DA:36,5
LF:12
LH:11
BRDA:29,0,0,0
BRF:1
BRH:0
end_of_record
TN:
SF:src/classes/sorts/_export.ts
FNF:0
FNH:0
DA:2,1
DA:3,1
DA:4,1
DA:5,1
DA:6,1
DA:8,1
LF:6
LH:6
BRF:0
BRH:0
end_of_record
TN:
SF:src/utils/swap.ts
FN:1,(anonymous_0)
FNF:1
FNH:1
FNDA:80,(anonymous_0)
DA:1,2
DA:2,80
DA:3,80
DA:4,80
LF:4
LH:4
BRF:0
BRH:0
end_of_record
